[debug] [2023-11-13T11:24:02.662Z] ----------------------------------------------------------------------
[debug] [2023-11-13T11:24:02.665Z] Command:       C:\Program Files\nodejs\node.exe C:\Users\krishna\AppData\Roaming\npm\node_modules\firebase-tools\lib\bin\firebase.js init
[debug] [2023-11-13T11:24:02.666Z] CLI Version:   12.8.1
[debug] [2023-11-13T11:24:02.667Z] Platform:      win32
[debug] [2023-11-13T11:24:02.667Z] Node Version:  v18.17.1
[debug] [2023-11-13T11:24:02.670Z] Time:          Mon Nov 13 2023 16:54:02 GMT+0530 (India Standard Time)
[debug] [2023-11-13T11:24:02.670Z] ----------------------------------------------------------------------
[debug] 
[debug] [2023-11-13T11:24:02.849Z] > command requires scopes: ["email","openid","https://www.googleapis.com/auth/cloudplatformprojects.readonly","https://www.googleapis.com/auth/firebase","https://www.googleapis.com/auth/cloud-platform"]
[debug] [2023-11-13T11:24:02.850Z] > authorizing via signed-in user (bhisekrishnaa@gmail.com)
[info] 
     ######## #### ########  ######## ########     ###     ######  ########
     ##        ##  ##     ## ##       ##     ##  ##   ##  ##       ##
     ######    ##  ########  ######   ########  #########  ######  ######
     ##        ##  ##    ##  ##       ##     ## ##     ##       ## ##
     ##       #### ##     ## ######## ########  ##     ##  ######  ########

You're about to initialize a Firebase project in this directory:

  C:\coding

Before we get started, keep in mind:

  * You are currently outside your home directory
  * You are initializing within an existing Firebase project directory

[info] 
=== Project Setup
[info] 
[info] First, let's associate this project directory with a Firebase project.
[info] You can create multiple project aliases by running firebase use --add, 
[info] but for now we'll just set up a default project.
[info] 
[debug] [2023-11-13T11:24:38.219Z] Using project from CLI flag: task-manager-ba004
[debug] [2023-11-13T11:24:38.225Z] >>> [apiv2][query] GET https://firebase.googleapis.com/v1beta1/projects/task-manager-ba004 [none]
[debug] [2023-11-13T11:24:39.019Z] <<< [apiv2][status] GET https://firebase.googleapis.com/v1beta1/projects/task-manager-ba004 200
[debug] [2023-11-13T11:24:39.019Z] <<< [apiv2][body] GET https://firebase.googleapis.com/v1beta1/projects/task-manager-ba004 {"projectId":"task-manager-ba004","projectNumber":"196164625212","displayName":"task manager","name":"projects/task-manager-ba004","resources":{"hostingSite":"task-manager-ba004"},"state":"ACTIVE","etag":"1_faba6ea1-3638-45e5-bb48-e4b3fb84ca98"}
[info] i  Using project task-manager-ba004 (task manager) 
[info] 
=== Hosting Setup
[info] 
[info] Your public directory is the folder (relative to your project directory) that
[info] will contain Hosting assets to be uploaded with firebase deploy. If you
[info] have a build process for your assets, use your build's output directory.
[info] 
[info] i  Skipping write of public/404.html 
[debug] [2023-11-13T11:25:39.635Z] >>> [apiv2][query] GET https://www.gstatic.com/firebasejs/releases.json [none]
[debug] [2023-11-13T11:25:39.974Z] <<< [apiv2][status] GET https://www.gstatic.com/firebasejs/releases.json 200
[debug] [2023-11-13T11:25:39.975Z] <<< [apiv2][body] GET https://www.gstatic.com/firebasejs/releases.json {"current":{"version":"10.6.0","browserURL":"https://www.gstatic.com/firebasejs/10.6.0/firebase.js","packageURL":"https://www.gstatic.com/firebasejs/10.6.0/firebase.tgz"},"live":{"version":"10.6","browserURL":"https://www.gstatic.com/firebasejs/live/10.6/firebase.js","packageURL":"https://www.gstatic.com/firebasejs/live/10.6/firebase.tgz"},"components":{"analytics":"https://www.gstatic.com/firebasejs/10.6.0/firebase-analytics.js","app":"https://www.gstatic.com/firebasejs/10.6.0/firebase-app.js","app-check":"https://www.gstatic.com/firebasejs/10.6.0/firebase-app-check.js","auth":"https://www.gstatic.com/firebasejs/10.6.0/firebase-auth.js","auth/cordova":"https://www.gstatic.com/firebasejs/10.6.0/firebase-auth/cordova.js","functions":"https://www.gstatic.com/firebasejs/10.6.0/firebase-functions.js","firestore":"https://www.gstatic.com/firebasejs/10.6.0/firebase-firestore.js","firestore/lite":"https://www.gstatic.com/firebasejs/10.6.0/firebase-firestore/lite.js","installations":"https://www.gstatic.com/firebasejs/10.6.0/firebase-installations.js","storage":"https://www.gstatic.com/firebasejs/10.6.0/firebase-storage.js","performance":"https://www.gstatic.com/firebasejs/10.6.0/firebase-performance.js","remote-config":"https://www.gstatic.com/firebasejs/10.6.0/firebase-remote-config.js","messaging":"https://www.gstatic.com/firebasejs/10.6.0/firebase-messaging.js","messaging/sw":"https://www.gstatic.com/firebasejs/10.6.0/firebase-messaging/sw.js","database":"https://www.gstatic.com/firebasejs/10.6.0/firebase-database.js","firestore.memory":"https://www.gstatic.com/firebasejs/10.6.0/firebase-firestore.memory.js"}}
[info] i  Skipping write of public/index.html 
[info] 
[info] i  Writing configuration info to firebase.json... 
[info] i  Writing project information to .firebaserc... 
[info] 
[info] +  Firebase initialization complete! 
[debug] [2023-11-13T11:25:51.031Z] Error: Timed out.
    at Timeout._onTimeout (C:\Users\krishna\AppData\Roaming\npm\node_modules\firebase-tools\lib\utils.js:254:49)
    at listOnTimeout (node:internal/timers:569:17)
    at process.processTimers (node:internal/timers:512:7)
[error] 
[error] Error: An unexpected error has occurred.
